app/build/intermediates/manifest_merge_blame_file/debug/processDebugMainManifest/manifest-merger-blame-debug-report.txt
1<?xml version="1.0" encoding="utf-8"?>
2<manifest xmlns:android="http://schemas.android.com/apk/res/android"
3    package="com.example.myapplication"
4    android:versionCode="1"
5    android:versionName="1.0" >
6
7    <uses-sdk
8        android:minSdkVersion="24"
9        android:targetSdkVersion="36" />
10
11    <uses-permission android:name="android.permission.INTERNET" />
11-->src/main/AndroidManifest.xml:5:5-66
11-->src/main/AndroidManifest.xml:5:22-64
12
13    <queries>
13-->[com.github.chuckerteam.chucker:library:4.2.0] AndroidManifest.xml:7:5-13:15
14        <intent>
14-->[com.github.chuckerteam.chucker:library:4.2.0] AndroidManifest.xml:8:9-12:18
15            <action android:name="android.intent.action.CREATE_DOCUMENT" />
15-->[com.github.chuckerteam.chucker:library:4.2.0] AndroidManifest.xml:9:13-76
15-->[com.github.chuckerteam.chucker:library:4.2.0] AndroidManifest.xml:9:21-73
16
17            <data android:mimeType="*/*" />
17-->[com.clerk:clerk-android:0.1.19] AndroidManifest.xml:26:17-28:46
18        </intent>
19    </queries>
20
21    <uses-permission
21-->[com.github.chuckerteam.chucker:library:4.2.0] AndroidManifest.xml:15:5-17:38
22        android:name="android.permission.WAKE_LOCK"
22-->[com.github.chuckerteam.chucker:library:4.2.0] AndroidManifest.xml:16:9-52
23        android:maxSdkVersion="25" />
23-->[com.github.chuckerteam.chucker:library:4.2.0] AndroidManifest.xml:17:9-35
24    <uses-permission android:name="android.permission.POST_NOTIFICATIONS" />
24-->[com.github.chuckerteam.chucker:library:4.2.0] AndroidManifest.xml:18:5-77
24-->[com.github.chuckerteam.chucker:library:4.2.0] AndroidManifest.xml:18:22-74
25    <uses-permission android:name="android.permission.USE_BIOMETRIC" /> <!-- suppress DeprecatedClassUsageInspection -->
25-->[androidx.biometric:biometric:1.1.0] AndroidManifest.xml:24:5-72
25-->[androidx.biometric:biometric:1.1.0] AndroidManifest.xml:24:22-69
26    <uses-permission android:name="android.permission.USE_FINGERPRINT" />
26-->[androidx.biometric:biometric:1.1.0] AndroidManifest.xml:27:5-74
26-->[androidx.biometric:biometric:1.1.0] AndroidManifest.xml:27:22-71
27
28    <permission
28-->[androidx.core:core:1.15.0] AndroidManifest.xml:22:5-24:47
29        android:name="com.example.myapplication.DYNAMIC_RECEIVER_NOT_EXPORTED_PERMISSION"
29-->[androidx.core:core:1.15.0] AndroidManifest.xml:23:9-81
30        android:protectionLevel="signature" />
30-->[androidx.core:core:1.15.0] AndroidManifest.xml:24:9-44
31
32    <uses-permission android:name="com.example.myapplication.DYNAMIC_RECEIVER_NOT_EXPORTED_PERMISSION" />
32-->[androidx.core:core:1.15.0] AndroidManifest.xml:26:5-97
32-->[androidx.core:core:1.15.0] AndroidManifest.xml:26:22-94
33
34    <application
34-->src/main/AndroidManifest.xml:7:5-33:19
35        android:allowBackup="true"
35-->src/main/AndroidManifest.xml:8:9-35
36        android:appComponentFactory="androidx.core.app.CoreComponentFactory"
36-->[androidx.core:core:1.15.0] AndroidManifest.xml:28:18-86
37        android:dataExtractionRules="@xml/data_extraction_rules"
37-->src/main/AndroidManifest.xml:9:9-65
38        android:debuggable="true"
39        android:extractNativeLibs="false"
40        android:fullBackupContent="@xml/backup_rules"
40-->src/main/AndroidManifest.xml:10:9-54
41        android:icon="@drawable/ic_launcher"
41-->src/main/AndroidManifest.xml:11:9-45
42        android:label="@string/app_name"
42-->src/main/AndroidManifest.xml:12:9-41
43        android:supportsRtl="true"
43-->src/main/AndroidManifest.xml:13:9-35
44        android:testOnly="true"
45        android:theme="@style/Theme.MyApplication" >
45-->src/main/AndroidManifest.xml:14:9-51
46        <activity
46-->src/main/AndroidManifest.xml:15:9-17:40
47            android:name="com.example.myapplication.Screen1"
47-->src/main/AndroidManifest.xml:16:13-36
48            android:exported="false" />
48-->src/main/AndroidManifest.xml:17:13-37
49        <activity
49-->src/main/AndroidManifest.xml:18:9-20:40
50            android:name="com.example.myapplication.Login"
50-->src/main/AndroidManifest.xml:19:13-34
51            android:exported="false" />
51-->src/main/AndroidManifest.xml:20:13-37
52        <activity
52-->src/main/AndroidManifest.xml:21:9-23:40
53            android:name="com.example.myapplication.GroupList"
53-->src/main/AndroidManifest.xml:22:13-38
54            android:exported="false" />
54-->src/main/AndroidManifest.xml:23:13-37
55        <activity
55-->src/main/AndroidManifest.xml:24:9-32:20
56            android:name="com.example.myapplication.MainActivity"
56-->src/main/AndroidManifest.xml:25:13-41
57            android:exported="true" >
57-->src/main/AndroidManifest.xml:26:13-36
58            <intent-filter>
58-->src/main/AndroidManifest.xml:27:13-31:29
59                <action android:name="android.intent.action.MAIN" />
59-->src/main/AndroidManifest.xml:28:17-69
59-->src/main/AndroidManifest.xml:28:25-66
60
61                <category android:name="android.intent.category.LAUNCHER" />
61-->src/main/AndroidManifest.xml:30:17-77
61-->src/main/AndroidManifest.xml:30:27-74
62            </intent-filter>
63        </activity>
64        <activity
64-->[com.clerk:clerk-android:0.1.19] AndroidManifest.xml:10:9-15:75
65            android:name="com.clerk.api.sso.SSOManagerActivity"
65-->[com.clerk:clerk-android:0.1.19] AndroidManifest.xml:11:13-64
66            android:configChanges="screenSize|smallestScreenSize|screenLayout|orientation|keyboard|keyboardHidden"
66-->[com.clerk:clerk-android:0.1.19] AndroidManifest.xml:12:13-115
67            android:exported="false"
67-->[com.clerk:clerk-android:0.1.19] AndroidManifest.xml:13:13-37
68            android:launchMode="singleTask"
68-->[com.clerk:clerk-android:0.1.19] AndroidManifest.xml:14:13-44
69            android:theme="@style/Theme.AppCompat.DayNight.NoActionBar" />
69-->[com.clerk:clerk-android:0.1.19] AndroidManifest.xml:15:13-72
70        <activity
70-->[com.clerk:clerk-android:0.1.19] AndroidManifest.xml:16:9-30:20
71            android:name="com.clerk.api.sso.SSOReceiverActivity"
71-->[com.clerk:clerk-android:0.1.19] AndroidManifest.xml:17:13-65
72            android:exported="true"
72-->[com.clerk:clerk-android:0.1.19] AndroidManifest.xml:18:13-36
73            android:theme="@style/Theme.AppCompat.DayNight.NoActionBar" >
73-->[com.clerk:clerk-android:0.1.19] AndroidManifest.xml:19:13-72
74            <intent-filter>
74-->[com.clerk:clerk-android:0.1.19] AndroidManifest.xml:20:13-29:29
75                <action android:name="android.intent.action.VIEW" />
75-->[com.clerk:clerk-android:0.1.19] AndroidManifest.xml:21:17-69
75-->[com.clerk:clerk-android:0.1.19] AndroidManifest.xml:21:25-66
76
77                <category android:name="android.intent.category.DEFAULT" />
77-->[com.clerk:clerk-android:0.1.19] AndroidManifest.xml:23:17-76
77-->[com.clerk:clerk-android:0.1.19] AndroidManifest.xml:23:27-73
78                <category android:name="android.intent.category.BROWSABLE" />
78-->[com.clerk:clerk-android:0.1.19] AndroidManifest.xml:24:17-78
78-->[com.clerk:clerk-android:0.1.19] AndroidManifest.xml:24:27-75
79
80                <data
80-->[com.clerk:clerk-android:0.1.19] AndroidManifest.xml:26:17-28:46
81                    android:host="com.example.myapplication.oauth"
81-->[com.clerk:clerk-android:0.1.19] AndroidManifest.xml:27:21-58
82                    android:scheme="clerk" />
82-->[com.clerk:clerk-android:0.1.19] AndroidManifest.xml:28:21-43
83            </intent-filter>
84        </activity>
85        <activity
85-->[com.github.chuckerteam.chucker:library:4.2.0] AndroidManifest.xml:21:9-26:52
86            android:name="com.chuckerteam.chucker.internal.ui.MainActivity"
86-->[com.github.chuckerteam.chucker:library:4.2.0] AndroidManifest.xml:22:13-76
87            android:label="@string/chucker_name"
87-->[com.github.chuckerteam.chucker:library:4.2.0] AndroidManifest.xml:23:13-49
88            android:launchMode="singleTask"
88-->[com.github.chuckerteam.chucker:library:4.2.0] AndroidManifest.xml:24:13-44
89            android:taskAffinity="com.chuckerteam.chucker.task"
89-->[com.github.chuckerteam.chucker:library:4.2.0] AndroidManifest.xml:25:13-64
90            android:theme="@style/Chucker.Theme" />
90-->[com.github.chuckerteam.chucker:library:4.2.0] AndroidManifest.xml:26:13-49
91        <activity
91-->[com.github.chuckerteam.chucker:library:4.2.0] AndroidManifest.xml:27:9-30:52
92            android:name="com.chuckerteam.chucker.internal.ui.transaction.TransactionActivity"
92-->[com.github.chuckerteam.chucker:library:4.2.0] AndroidManifest.xml:28:13-95
93            android:parentActivityName="com.chuckerteam.chucker.internal.ui.MainActivity"
93-->[com.github.chuckerteam.chucker:library:4.2.0] AndroidManifest.xml:29:13-90
94            android:theme="@style/Chucker.Theme" />
94-->[com.github.chuckerteam.chucker:library:4.2.0] AndroidManifest.xml:30:13-49
95
96        <service
96-->[com.github.chuckerteam.chucker:library:4.2.0] AndroidManifest.xml:32:9-35:72
97            android:name="com.chuckerteam.chucker.internal.support.ClearDatabaseService"
97-->[com.github.chuckerteam.chucker:library:4.2.0] AndroidManifest.xml:33:13-89
98            android:exported="false"
98-->[com.github.chuckerteam.chucker:library:4.2.0] AndroidManifest.xml:34:13-37
99            android:permission="android.permission.BIND_JOB_SERVICE" />
99-->[com.github.chuckerteam.chucker:library:4.2.0] AndroidManifest.xml:35:13-69
100
101        <receiver
101-->[com.github.chuckerteam.chucker:library:4.2.0] AndroidManifest.xml:37:9-39:40
102            android:name="com.chuckerteam.chucker.internal.support.ClearDatabaseJobIntentServiceReceiver"
102-->[com.github.chuckerteam.chucker:library:4.2.0] AndroidManifest.xml:38:13-106
103            android:exported="false" />
103-->[com.github.chuckerteam.chucker:library:4.2.0] AndroidManifest.xml:39:13-37
104
105        <provider
105-->[com.github.chuckerteam.chucker:library:4.2.0] AndroidManifest.xml:41:9-49:20
106            android:name="com.chuckerteam.chucker.internal.support.ChuckerFileProvider"
106-->[com.github.chuckerteam.chucker:library:4.2.0] AndroidManifest.xml:42:13-88
107            android:authorities="com.example.myapplication.com.chuckerteam.chucker.provider"
107-->[com.github.chuckerteam.chucker:library:4.2.0] AndroidManifest.xml:43:13-84
108            android:exported="false"
108-->[com.github.chuckerteam.chucker:library:4.2.0] AndroidManifest.xml:44:13-37
109            android:grantUriPermissions="true" >
109-->[com.github.chuckerteam.chucker:library:4.2.0] AndroidManifest.xml:45:13-47
110            <meta-data
110-->[com.github.chuckerteam.chucker:library:4.2.0] AndroidManifest.xml:46:13-48:66
111                android:name="android.support.FILE_PROVIDER_PATHS"
111-->[com.github.chuckerteam.chucker:library:4.2.0] AndroidManifest.xml:47:17-67
112                android:resource="@xml/chucker_provider_paths" />
112-->[com.github.chuckerteam.chucker:library:4.2.0] AndroidManifest.xml:48:17-63
113        </provider>
114
115        <service
115-->[androidx.credentials:credentials-play-services-auth:1.5.0] AndroidManifest.xml:24:9-32:19
116            android:name="androidx.credentials.playservices.CredentialProviderMetadataHolder"
116-->[androidx.credentials:credentials-play-services-auth:1.5.0] AndroidManifest.xml:25:13-94
117            android:enabled="true"
117-->[androidx.credentials:credentials-play-services-auth:1.5.0] AndroidManifest.xml:26:13-35
118            android:exported="false" >
118-->[androidx.credentials:credentials-play-services-auth:1.5.0] AndroidManifest.xml:27:13-37
119            <meta-data
119-->[androidx.credentials:credentials-play-services-auth:1.5.0] AndroidManifest.xml:29:13-31:104
120                android:name="androidx.credentials.CREDENTIAL_PROVIDER_KEY"
120-->[androidx.credentials:credentials-play-services-auth:1.5.0] AndroidManifest.xml:30:17-76
121                android:value="androidx.credentials.playservices.CredentialProviderPlayServicesImpl" />
121-->[androidx.credentials:credentials-play-services-auth:1.5.0] AndroidManifest.xml:31:17-101
122        </service>
123
124        <activity
124-->[androidx.credentials:credentials-play-services-auth:1.5.0] AndroidManifest.xml:34:9-41:20
125            android:name="androidx.credentials.playservices.HiddenActivity"
125-->[androidx.credentials:credentials-play-services-auth:1.5.0] AndroidManifest.xml:35:13-76
126            android:configChanges="orientation|screenSize|screenLayout|keyboardHidden"
126-->[androidx.credentials:credentials-play-services-auth:1.5.0] AndroidManifest.xml:36:13-87
127            android:enabled="true"
127-->[androidx.credentials:credentials-play-services-auth:1.5.0] AndroidManifest.xml:37:13-35
128            android:exported="false"
128-->[androidx.credentials:credentials-play-services-auth:1.5.0] AndroidManifest.xml:38:13-37
129            android:fitsSystemWindows="true"
129-->[androidx.credentials:credentials-play-services-auth:1.5.0] AndroidManifest.xml:39:13-45
130            android:theme="@style/Theme.Hidden" >
130-->[androidx.credentials:credentials-play-services-auth:1.5.0] AndroidManifest.xml:40:13-48
131        </activity>
132        <activity
132-->[androidx.credentials:credentials-play-services-auth:1.5.0] AndroidManifest.xml:42:9-49:20
133            android:name="androidx.credentials.playservices.IdentityCredentialApiHiddenActivity"
133-->[androidx.credentials:credentials-play-services-auth:1.5.0] AndroidManifest.xml:43:13-97
134            android:configChanges="orientation|screenSize|screenLayout|keyboardHidden"
134-->[androidx.credentials:credentials-play-services-auth:1.5.0] AndroidManifest.xml:44:13-87
135            android:enabled="true"
135-->[androidx.credentials:credentials-play-services-auth:1.5.0] AndroidManifest.xml:45:13-35
136            android:exported="false"
136-->[androidx.credentials:credentials-play-services-auth:1.5.0] AndroidManifest.xml:46:13-37
137            android:fitsSystemWindows="true"
137-->[androidx.credentials:credentials-play-services-auth:1.5.0] AndroidManifest.xml:47:13-45
138            android:theme="@style/Theme.Hidden" >
138-->[androidx.credentials:credentials-play-services-auth:1.5.0] AndroidManifest.xml:48:13-48
139        </activity>
140        <activity
140-->[com.google.android.gms:play-services-auth:21.1.1] AndroidManifest.xml:23:9-27:75
141            android:name="com.google.android.gms.auth.api.signin.internal.SignInHubActivity"
141-->[com.google.android.gms:play-services-auth:21.1.1] AndroidManifest.xml:24:13-93
142            android:excludeFromRecents="true"
142-->[com.google.android.gms:play-services-auth:21.1.1] AndroidManifest.xml:25:13-46
143            android:exported="false"
143-->[com.google.android.gms:play-services-auth:21.1.1] AndroidManifest.xml:26:13-37
144            android:theme="@android:style/Theme.Translucent.NoTitleBar" />
144-->[com.google.android.gms:play-services-auth:21.1.1] AndroidManifest.xml:27:13-72
145        <!--
146            Service handling Google Sign-In user revocation. For apps that do not integrate with
147            Google Sign-In, this service will never be started.
148        -->
149        <service
149-->[com.google.android.gms:play-services-auth:21.1.1] AndroidManifest.xml:33:9-37:51
150            android:name="com.google.android.gms.auth.api.signin.RevocationBoundService"
150-->[com.google.android.gms:play-services-auth:21.1.1] AndroidManifest.xml:34:13-89
151            android:exported="true"
151-->[com.google.android.gms:play-services-auth:21.1.1] AndroidManifest.xml:35:13-36
152            android:permission="com.google.android.gms.auth.api.signin.permission.REVOCATION_NOTIFICATION"
152-->[com.google.android.gms:play-services-auth:21.1.1] AndroidManifest.xml:36:13-107
153            android:visibleToInstantApps="true" />
153-->[com.google.android.gms:play-services-auth:21.1.1] AndroidManifest.xml:37:13-48
154
155        <activity
155-->[com.google.android.gms:play-services-base:18.5.0] AndroidManifest.xml:5:9-173
156            android:name="com.google.android.gms.common.api.GoogleApiActivity"
156-->[com.google.android.gms:play-services-base:18.5.0] AndroidManifest.xml:5:19-85
157            android:exported="false"
157-->[com.google.android.gms:play-services-base:18.5.0] AndroidManifest.xml:5:146-170
158            android:theme="@android:style/Theme.Translucent.NoTitleBar" />
158-->[com.google.android.gms:play-services-base:18.5.0] AndroidManifest.xml:5:86-145
159
160        <meta-data
160-->[com.google.android.gms:play-services-basement:18.4.0] AndroidManifest.xml:6:9-122
161            android:name="com.google.android.gms.version"
161-->[com.google.android.gms:play-services-basement:18.4.0] AndroidManifest.xml:6:20-65
162            android:value="@integer/google_play_services_version" />
162-->[com.google.android.gms:play-services-basement:18.4.0] AndroidManifest.xml:6:66-119
163
164        <provider
164-->[androidx.emoji2:emoji2:1.4.0] AndroidManifest.xml:24:9-32:20
165            android:name="androidx.startup.InitializationProvider"
165-->[androidx.emoji2:emoji2:1.4.0] AndroidManifest.xml:25:13-67
166            android:authorities="com.example.myapplication.androidx-startup"
166-->[androidx.emoji2:emoji2:1.4.0] AndroidManifest.xml:26:13-68
167            android:exported="false" >
167-->[androidx.emoji2:emoji2:1.4.0] AndroidManifest.xml:27:13-37
168            <meta-data
168-->[androidx.emoji2:emoji2:1.4.0] AndroidManifest.xml:29:13-31:52
169                android:name="androidx.emoji2.text.EmojiCompatInitializer"
169-->[androidx.emoji2:emoji2:1.4.0] AndroidManifest.xml:30:17-75
170                android:value="androidx.startup" />
170-->[androidx.emoji2:emoji2:1.4.0] AndroidManifest.xml:31:17-49
171            <meta-data
171-->[androidx.lifecycle:lifecycle-process:2.10.0] AndroidManifest.xml:29:13-31:52
172                android:name="androidx.lifecycle.ProcessLifecycleInitializer"
172-->[androidx.lifecycle:lifecycle-process:2.10.0] AndroidManifest.xml:30:17-78
173                android:value="androidx.startup" />
173-->[androidx.lifecycle:lifecycle-process:2.10.0] AndroidManifest.xml:31:17-49
174            <meta-data
174-->[com.squareup.okhttp3:okhttp-android:5.3.2] AndroidManifest.xml:16:13-18:52
175                android:name="okhttp3.internal.platform.PlatformInitializer"
175-->[com.squareup.okhttp3:okhttp-android:5.3.2] AndroidManifest.xml:17:17-77
176                android:value="androidx.startup" />
176-->[com.squareup.okhttp3:okhttp-android:5.3.2] AndroidManifest.xml:18:17-49
177            <meta-data
177-->[androidx.profileinstaller:profileinstaller:1.4.0] AndroidManifest.xml:29:13-31:52
178                android:name="androidx.profileinstaller.ProfileInstallerInitializer"
178-->[androidx.profileinstaller:profileinstaller:1.4.0] AndroidManifest.xml:30:17-85
179                android:value="androidx.startup" />
179-->[androidx.profileinstaller:profileinstaller:1.4.0] AndroidManifest.xml:31:17-49
180        </provider>
181
182        <service
182-->[androidx.room:room-runtime-android:2.7.2] AndroidManifest.xml:24:9-28:63
183            android:name="androidx.room.MultiInstanceInvalidationService"
183-->[androidx.room:room-runtime-android:2.7.2] AndroidManifest.xml:25:13-74
184            android:directBootAware="true"
184-->[androidx.room:room-runtime-android:2.7.2] AndroidManifest.xml:26:13-43
185            android:exported="false" />
185-->[androidx.room:room-runtime-android:2.7.2] AndroidManifest.xml:27:13-37
186
187        <receiver
187-->[androidx.profileinstaller:profileinstaller:1.4.0] AndroidManifest.xml:34:9-52:20
188            android:name="androidx.profileinstaller.ProfileInstallReceiver"
188-->[androidx.profileinstaller:profileinstaller:1.4.0] AndroidManifest.xml:35:13-76
189            android:directBootAware="false"
189-->[androidx.profileinstaller:profileinstaller:1.4.0] AndroidManifest.xml:36:13-44
190            android:enabled="true"
190-->[androidx.profileinstaller:profileinstaller:1.4.0] AndroidManifest.xml:37:13-35
191            android:exported="true"
191-->[androidx.profileinstaller:profileinstaller:1.4.0] AndroidManifest.xml:38:13-36
192            android:permission="android.permission.DUMP" >
192-->[androidx.profileinstaller:profileinstaller:1.4.0] AndroidManifest.xml:39:13-57
193            <intent-filter>
193-->[androidx.profileinstaller:profileinstaller:1.4.0] AndroidManifest.xml:40:13-42:29
194                <action android:name="androidx.profileinstaller.action.INSTALL_PROFILE" />
194-->[androidx.profileinstaller:profileinstaller:1.4.0] AndroidManifest.xml:41:17-91
194-->[androidx.profileinstaller:profileinstaller:1.4.0] AndroidManifest.xml:41:25-88
195            </intent-filter>
196            <intent-filter>
196-->[androidx.profileinstaller:profileinstaller:1.4.0] AndroidManifest.xml:43:13-45:29
197                <action android:name="androidx.profileinstaller.action.SKIP_FILE" />
197-->[androidx.profileinstaller:profileinstaller:1.4.0] AndroidManifest.xml:44:17-85
197-->[androidx.profileinstaller:profileinstaller:1.4.0] AndroidManifest.xml:44:25-82
198            </intent-filter>
199            <intent-filter>
199-->[androidx.profileinstaller:profileinstaller:1.4.0] AndroidManifest.xml:46:13-48:29
200                <action android:name="androidx.profileinstaller.action.SAVE_PROFILE" />
200-->[androidx.profileinstaller:profileinstaller:1.4.0] AndroidManifest.xml:47:17-88
200-->[androidx.profileinstaller:profileinstaller:1.4.0] AndroidManifest.xml:47:25-85
201            </intent-filter>
202            <intent-filter>
202-->[androidx.profileinstaller:profileinstaller:1.4.0] AndroidManifest.xml:49:13-51:29
203                <action android:name="androidx.profileinstaller.action.BENCHMARK_OPERATION" />
203-->[androidx.profileinstaller:profileinstaller:1.4.0] AndroidManifest.xml:50:17-95
203-->[androidx.profileinstaller:profileinstaller:1.4.0] AndroidManifest.xml:50:25-92
204            </intent-filter>
205        </receiver> <!-- The activities will be merged into the manifest of the hosting app. -->
206        <activity
206-->[com.google.android.play:core-common:2.0.4] AndroidManifest.xml:14:9-18:65
207            android:name="com.google.android.play.core.common.PlayCoreDialogWrapperActivity"
207-->[com.google.android.play:core-common:2.0.4] AndroidManifest.xml:15:13-93
208            android:exported="false"
208-->[com.google.android.play:core-common:2.0.4] AndroidManifest.xml:16:13-37
209            android:stateNotNeeded="true"
209-->[com.google.android.play:core-common:2.0.4] AndroidManifest.xml:17:13-42
210            android:theme="@style/Theme.PlayCore.Transparent" />
210-->[com.google.android.play:core-common:2.0.4] AndroidManifest.xml:18:13-62
211    </application>
212
213</manifest>